19:42:54: Creating resource group General
19:42:54: Creating resource group OgreInternal
19:42:54: Creating resource group OgreAutodetect
19:42:54: SceneManagerFactory for type 'DefaultSceneManager' registered.
19:42:54: Registering ResourceManager for type Material
19:42:54: Registering ResourceManager for type Mesh
19:42:54: Registering ResourceManager for type Skeleton
19:42:54: MovableObjectFactory for type 'ParticleSystem' registered.
19:42:54: ArchiveFactory for type 'FileSystem' registered
19:42:54: ArchiveFactory for type 'Zip' registered
19:42:54: ArchiveFactory for type 'EmbeddedZip' registered
19:42:54: DDS codec registering
19:42:54: ETC codec registering
19:42:54: ASTC codec registering
19:42:54: Registering ResourceManager for type GpuProgram
19:42:54: Registering ResourceManager for type Compositor
19:42:54: MovableObjectFactory for type 'Entity' registered.
19:42:54: MovableObjectFactory for type 'Light' registered.
19:42:54: MovableObjectFactory for type 'BillboardSet' registered.
19:42:54: MovableObjectFactory for type 'ManualObject' registered.
19:42:54: MovableObjectFactory for type 'BillboardChain' registered.
19:42:54: MovableObjectFactory for type 'RibbonTrail' registered.
19:42:54: MovableObjectFactory for type 'StaticGeometry' registered.
19:42:54: MovableObjectFactory for type 'Rectangle2D' registered.
19:42:54: Loading library C:/Users/josem/Desktop/Carrera/TERCERO/IA/VeryReal/VeryRealSolucion/bin/.\RenderSystem_GL_d.dll
19:42:54: Installing plugin: GL RenderSystem
19:42:54: OpenGL Rendering Subsystem created.
19:42:54: Plugin successfully installed
19:42:54: Loading library C:/Users/josem/Desktop/Carrera/TERCERO/IA/VeryReal/VeryRealSolucion/bin/.\Plugin_ParticleFX_d.dll
19:42:54: Installing plugin: ParticleFX
19:42:54: Particle Emitter Type 'Point' registered
19:42:54: Particle Emitter Type 'Box' registered
19:42:54: Particle Emitter Type 'Ellipsoid' registered
19:42:54: Particle Emitter Type 'Cylinder' registered
19:42:54: Particle Emitter Type 'Ring' registered
19:42:54: Particle Emitter Type 'HollowEllipsoid' registered
19:42:54: Particle Affector Type 'LinearForce' registered
19:42:54: Particle Affector Type 'ColourFader' registered
19:42:54: Particle Affector Type 'ColourFader2' registered
19:42:54: Particle Affector Type 'ColourImage' registered
19:42:54: Particle Affector Type 'ColourInterpolator' registered
19:42:54: Particle Affector Type 'Scaler' registered
19:42:54: Particle Affector Type 'Rotator' registered
19:42:54: Particle Affector Type 'DirectionRandomiser' registered
19:42:54: Particle Affector Type 'DeflectorPlane' registered
19:42:54: Particle Affector Type 'TextureAnimator' registered
19:42:54: Plugin successfully installed
19:42:54: Loading library C:/Users/josem/Desktop/Carrera/TERCERO/IA/VeryReal/VeryRealSolucion/bin/.\Codec_STBI_d.dll
19:42:54: stb_image - v2.28 - public domain image loader
19:42:54: Supported formats: jpeg,jpg,png,bmp,psd,tga,gif,pic,ppm,pgm,hdr
19:42:54: *-*-* OGRE Initialising
19:42:54: *-*-* Version 14.1.2 (Tsathoggua)
19:42:54: CPU Identifier & Features
19:42:54: -------------------------
19:42:54:  *   CPU ID: AuthenticAMD: AMD Ryzen 7 7735HS with Radeon Graphics
19:42:54:  *          SSE: yes
19:42:54:  *         SSE2: yes
19:42:54:  *         SSE3: yes
19:42:54:  *        SSE41: no
19:42:54:  *        SSE42: no
19:42:54:  *          MMX: yes
19:42:54:  *       MMXEXT: yes
19:42:54:  *        3DNOW: no
19:42:54:  *     3DNOWEXT: no
19:42:54:  *         CMOV: yes
19:42:54:  *          TSC: yes
19:42:54:  *INVARIANT TSC: yes
19:42:54:  *          FPU: yes
19:42:54:  *          PRO: yes
19:42:54:  *           HT: no
19:42:54: -------------------------
19:42:54: *** Starting Win32GL Subsystem ***
19:42:54: Registering ResourceManager for type Texture
19:42:54: RenderSystem::_createRenderWindow "", 1024x768 windowed  miscParams: FSAA=0 externalWindowHandle=853522 gamma=No vsync=Yes 
19:42:54: Supported WGL extensions: WGL_AMD_gpu_association WGL_ARB_buffer_region WGL_ARB_context_flush_control WGL_ARB_create_context WGL_ARB_create_context_no_error WGL_ARB_create_context_profile WGL_ARB_extensions_string WGL_ARB_framebuffer_sRGB WGL_ARB_make_current_read WGL_ARB_multisample WGL_ARB_pbuffer WGL_ARB_pixel_format WGL_ARB_pixel_format_float WGL_ARB_render_texture WGL_EXT_create_context_es_profile WGL_EXT_create_context_es2_profile WGL_EXT_extensions_string WGL_EXT_swap_control WGL_EXT_swap_control_tear WGL_I3D_genlock WGL_NV_DX_interop WGL_NV_DX_interop2 WGL_NV_swap_group 
19:42:54: GL_VERSION = 4.6.0.0
19:42:54: GL_VENDOR = ATI Technologies Inc.
19:42:54: GL_RENDERER = AMD Radeon(TM) Graphics
19:42:54: GL_EXTENSIONS = GL_EXT_abgr GL_EXT_blend_color GL_EXT_blend_minmax GL_EXT_blend_subtract GL_EXT_copy_texture GL_EXT_texture GL_EXT_texture_object GL_EXT_vertex_array GL_EXT_compiled_vertex_array GL_EXT_subtexture GL_EXT_texture3D GL_EXT_bgra GL_EXT_draw_range_elements GL_EXT_packed_pixels GL_EXT_point_parameters GL_EXT_rescale_normal GL_EXT_separate_specular_color GL_EXT_texture_edge_clamp GL_SGIS_generate_mipmap GL_SGIS_texture_edge_clamp GL_SGIS_texture_lod GL_ARB_multitexture GL_IBM_texture_mirrored_repeat GL_AMD_debug_output GL_ARB_multisample GL_ARB_texture_cube_map GL_ARB_texture_env_add GL_ARB_transpose_matrix GL_EXT_blend_func_separate GL_EXT_fog_coord GL_EXT_multi_draw_arrays GL_EXT_secondary_color GL_EXT_texture_cube_map GL_EXT_texture_env_add GL_EXT_texture_filter_anisotropic GL_EXT_texture_lod GL_EXT_texture_lod_bias GL_NV_blend_square GL_NV_texgen_reflection GL_SUN_multi_draw_arrays WGL_EXT_swap_control GL_ARB_point_parameters GL_ARB_texture_border_clamp GL_ARB_texture_compression GL_ARB_texture_env_crossbar GL_EXT_texture_compression_s3tc GL_EXT_texture_env_combine GL_EXT_texture_env_dot3 GL_ARB_shadow GL_ARB_shadow_ambient GL_ARB_texture_env_combine GL_ARB_texture_env_dot3 GL_ARB_texture_mirrored_repeat GL_NV_half_float GL_ARB_depth_texture GL_ARB_fragment_program GL_ARB_vertex_program GL_ARB_window_pos GL_ATI_draw_buffers GL_ATI_texture_env_combine3 GL_ATI_texture_float GL_EXT_shadow_funcs GL_EXT_stencil_wrap GL_EXT_texture_rectangle GL_NV_primitive_restart GL_S3_s3tc GL_ARB_fragment_program_shadow GL_ARB_fragment_shader GL_ARB_occlusion_query GL_ARB_point_sprite GL_ARB_shader_objects GL_ARB_shading_language_100 GL_ARB_texture_non_power_of_two GL_ARB_vertex_buffer_object GL_ARB_vertex_shader GL_EXT_blend_equation_separate GL_EXT_depth_bounds_test GL_ARB_color_buffer_float GL_ARB_draw_buffers GL_ARB_half_float_pixel GL_ARB_pixel_buffer_object GL_ARB_texture_float GL_ARB_texture_rectangle GL_EXT_framebuffer_object GL_EXT_pixel_buffer_object GL_EXT_texture_mirror_clamp GL_NV_float_buffer GL_EXT_framebuffer_blit GL_EXT_framebuffer_multisample GL_EXT_packed_depth_stencil GL_ATI_separate_stencil GL_ATI_shader_texture_lod GL_ATI_texture_mirror_once GL_EXT_bindable_uniform GL_EXT_draw_buffers2 GL_EXT_draw_instanced GL_EXT_framebuffer_sRGB GL_EXT_geometry_shader4 GL_EXT_gpu_program_parameters GL_EXT_gpu_shader4 GL_EXT_packed_float GL_EXT_texture_array GL_EXT_texture_buffer_object GL_EXT_texture_compression_latc GL_EXT_texture_compression_rgtc GL_EXT_texture_integer GL_EXT_transform_feedback GL_NV_depth_buffer_float GL_OES_EGL_image GL_EXT_provoking_vertex GL_EXT_texture_sRGB GL_EXT_texture_shared_exponent GL_EXT_vertex_array_bgra GL_NV_conditional_render GL_ARB_depth_buffer_float GL_ARB_draw_instanced GL_ARB_framebuffer_object GL_ARB_framebuffer_sRGB GL_ARB_geometry_shader4 GL_ARB_half_float_vertex GL_ARB_instanced_arrays GL_ARB_map_buffer_range GL_ARB_texture_buffer_object GL_ARB_texture_compression_rgtc GL_ARB_texture_rg GL_ARB_transform_feedback GL_ARB_vertex_array_object GL_EXT_direct_state_access GL_EXT_texture_snorm GL_EXT_texture_swizzle GL_AMD_conservative_depth GL_AMD_seamless_cubemap_per_texture GL_AMD_texture_cube_map_array GL_ARB_compatibility GL_ARB_copy_buffer GL_ARB_depth_clamp GL_ARB_draw_buffers_blend GL_ARB_draw_elements_base_vertex GL_ARB_fragment_coord_conventions GL_ARB_provoking_vertex GL_ARB_sample_shading GL_ARB_seamless_cube_map GL_ARB_shader_texture_lod GL_ARB_sync GL_ARB_texture_buffer_object_rgb32 GL_ARB_texture_cube_map_array GL_ARB_texture_gather GL_ARB_texture_multisample GL_ARB_texture_multisample_no_array GL_ARB_texture_query_lod GL_ARB_uniform_buffer_object GL_ARB_vertex_array_bgra GL_ATI_meminfo GL_EXT_texture_storage GL_NV_copy_image GL_NV_texture_barrier GL_AMD_blend_minmax_factor GL_AMD_depth_clamp_separate GL_AMD_sample_positions GL_ARB_ES2_compatibility GL_ARB_base_instance GL_ARB_blend_func_extended GL_ARB_compressed_texture_pixel_storage GL_ARB_debug_output GL_ARB_draw_indirect GL_ARB_explicit_attrib_location GL_ARB_get_program_binary GL_ARB_gpu_shader5 GL_ARB_gpu_shader_fp64 GL_ARB_occlusion_query2 GL_ARB_robustness GL_ARB_sampler_objects GL_ARB_separate_shader_objects GL_ARB_shader_bit_encoding GL_ARB_shader_precision GL_ARB_shader_stencil_export GL_ARB_shader_subroutine GL_ARB_shading_language_packing GL_ARB_tessellation_shader GL_ARB_texture_compression_bptc GL_ARB_texture_rgb10_a2ui GL_ARB_texture_swizzle GL_ARB_timer_query GL_ARB_transform_feedback2 GL_ARB_transform_feedback3 GL_ARB_vertex_attrib_64bit GL_ARB_vertex_type_2_10_10_10_rev GL_ARB_viewport_array GL_EXT_shader_image_load_store GL_EXT_texture_sRGB_decode GL_EXT_vertex_attrib_64bit GL_AMD_multi_draw_indirect GL_AMD_pinned_memory GL_AMD_vertex_shader_layer GL_AMD_vertex_shader_viewport_index GL_ARB_conservative_depth GL_ARB_internalformat_query GL_ARB_shader_atomic_counters GL_ARB_shader_image_load_store GL_ARB_shading_language_420pack GL_ARB_texture_storage GL_ARB_transform_feedback_instanced GL_EXT_debug_label GL_AMD_query_buffer_object GL_AMD_shader_trinary_minmax GL_ARB_ES3_compatibility GL_ARB_arrays_of_arrays GL_ARB_clear_buffer_object GL_ARB_compute_shader GL_ARB_copy_image GL_ARB_explicit_uniform_location GL_ARB_fragment_layer_viewport GL_ARB_framebuffer_no_attachments GL_ARB_internalformat_query2 GL_ARB_invalidate_subdata GL_ARB_multi_draw_indirect GL_ARB_program_interface_query GL_ARB_shader_image_size GL_ARB_shader_storage_buffer_object GL_ARB_stencil_texturing GL_ARB_texture_buffer_range GL_ARB_texture_query_levels GL_ARB_texture_storage_multisample GL_ARB_texture_view GL_ARB_vertex_attrib_binding GL_EXT_copy_buffer GL_KHR_debug GL_KHR_texture_compression_astc_ldr GL_AMD_gpu_shader_half_float GL_AMD_gpu_shader_int64 GL_ARB_ES3_1_compatibility GL_ARB_bindless_texture GL_ARB_buffer_storage GL_ARB_clear_texture GL_ARB_enhanced_layouts GL_ARB_indirect_parameters GL_ARB_multi_bind GL_ARB_query_buffer_object GL_ARB_seamless_cubemap_per_texture GL_ARB_shader_draw_parameters GL_ARB_shader_group_vote GL_ARB_sparse_texture GL_ARB_texture_mirror_clamp_to_edge GL_ARB_texture_stencil8 GL_ARB_vertex_type_10f_11f_11f_rev GL_EXT_shader_integer_mix GL_EXT_timer_query GL_KHR_blend_equation_advanced GL_KHR_blend_equation_advanced_coherent GL_NV_shader_atomic_int64 GL_ARB_clip_control GL_ARB_conditional_render_inverted GL_ARB_cull_distance GL_ARB_derivative_control GL_ARB_direct_state_access GL_ARB_get_texture_sub_image GL_ARB_pipeline_statistics_query GL_ARB_shader_texture_image_samples GL_ARB_sparse_buffer GL_ARB_texture_barrier GL_ARB_transform_feedback_overflow_query GL_EXT_polygon_offset_clamp GL_KHR_robust_buffer_access_behavior GL_KHR_robustness GL_OVR_multiview GL_ARB_ES3_2_compatibility GL_ARB_gpu_shader_int64 GL_ARB_parallel_shader_compile GL_ARB_post_depth_coverage GL_ARB_sample_locations GL_ARB_shader_atomic_counter_ops GL_ARB_shader_ballot GL_ARB_shader_clock GL_ARB_shader_viewport_layer_array GL_ARB_texture_filter_minmax GL_EXT_texture_sRGB_R8 GL_EXT_texture_sRGB_RG8 GL_KHR_no_error GL_OVR_multiview2 GL_ARB_gl_spirv GL_EXT_memory_object GL_EXT_memory_object_win32 GL_EXT_semaphore GL_EXT_semaphore_win32 GL_AMD_gpu_shader_int16 GL_ARB_polygon_offset_clamp GL_ARB_spirv_extensions GL_ARB_texture_filter_anisotropic GL_EXT_texture_compression_bptc GL_KHR_parallel_shader_compile GL_KHR_shader_subgroup GL_EXT_nonuniform_qualifier GL_NV_timeline_semaphore
19:42:54: ***************************
19:42:54: *** GL Renderer Started ***
19:42:54: ***************************
19:42:54: GLSL support detected
19:42:54: GL: Using GL_EXT_framebuffer_object for rendering to textures (best)
19:42:54: FBO PF_UNKNOWN depth/stencil support: D0S1 D0S4 D0S8 D0S16 D16S0 D24S0 D32S0 Packed-D24S8
19:42:54: FBO PF_L8 depth/stencil support: D0S0 D0S1 D0S4 D0S8 D0S16 D16S0 D24S0 D32S0 Packed-D24S8
19:42:54: FBO PF_A8 depth/stencil support: D0S0 D0S1 D0S4 D0S8 D0S16 D16S0 D24S0 D32S0 Packed-D24S8
19:42:54: FBO PF_BYTE_LA depth/stencil support: D0S0 D0S1 D0S4 D0S8 D0S16 D16S0 D24S0 D32S0 Packed-D24S8
19:42:54: FBO PF_R5G6B5 depth/stencil support: D0S0 D0S1 D0S4 D0S8 D0S16 D16S0 D24S0 D32S0 Packed-D24S8
19:42:54: FBO PF_B5G6R5 depth/stencil support: D0S0 D0S1 D0S4 D0S8 D0S16 D16S0 D24S0 D32S0 Packed-D24S8
19:42:54: FBO PF_A4R4G4B4 depth/stencil support: D0S0 D0S1 D0S4 D0S8 D0S16 D16S0 D24S0 D32S0 Packed-D24S8
19:42:54: FBO PF_A1R5G5B5 depth/stencil support: D0S0 D0S1 D0S4 D0S8 D0S16 D16S0 D24S0 D32S0 Packed-D24S8
19:42:54: FBO PF_R8G8B8 depth/stencil support: D0S0 D0S1 D0S4 D0S8 D0S16 D16S0 D24S0 D32S0 Packed-D24S8
19:42:54: FBO PF_B8G8R8 depth/stencil support: D0S0 D0S1 D0S4 D0S8 D0S16 D16S0 D24S0 D32S0 Packed-D24S8
19:42:54: FBO PF_A8R8G8B8 depth/stencil support: D0S0 D0S1 D0S4 D0S8 D0S16 D16S0 D24S0 D32S0 Packed-D24S8
19:42:54: FBO PF_A8B8G8R8 depth/stencil support: D0S0 D0S1 D0S4 D0S8 D0S16 D16S0 D24S0 D32S0 Packed-D24S8
19:42:54: FBO PF_B8G8R8A8 depth/stencil support: D0S0 D0S1 D0S4 D0S8 D0S16 D16S0 D24S0 D32S0 Packed-D24S8
19:42:54: FBO PF_FLOAT16_RGB depth/stencil support: D0S0 D0S1 D0S4 D0S8 D0S16 D16S0 D24S0 D32S0 Packed-D24S8
19:42:54: FBO PF_FLOAT16_RGBA depth/stencil support: D0S0 D0S1 D0S4 D0S8 D0S16 D16S0 D24S0 D32S0 Packed-D24S8
19:42:54: FBO PF_FLOAT32_RGB depth/stencil support: D0S0 D0S1 D0S4 D0S8 D0S16 D16S0 D24S0 D32S0 Packed-D24S8
19:42:54: FBO PF_FLOAT32_RGBA depth/stencil support: D0S0 D0S1 D0S4 D0S8 D0S16 D16S0 D24S0 D32S0 Packed-D24S8
19:42:54: FBO PF_X8R8G8B8 depth/stencil support: D0S0 D0S1 D0S4 D0S8 D0S16 D16S0 D24S0 D32S0 Packed-D24S8
19:42:54: FBO PF_X8B8G8R8 depth/stencil support: D0S0 D0S1 D0S4 D0S8 D0S16 D16S0 D24S0 D32S0 Packed-D24S8
19:42:54: FBO PF_R8G8B8A8 depth/stencil support: D0S0 D0S1 D0S4 D0S8 D0S16 D16S0 D24S0 D32S0 Packed-D24S8
19:42:54: FBO PF_DEPTH16 depth/stencil support: D0S0 D0S1 D0S4 D0S8 D0S16 D16S0 D24S0 D32S0 Packed-D24S8
19:42:54: FBO PF_SHORT_RGBA depth/stencil support: D0S0 D0S1 D0S4 D0S8 D0S16 D16S0 D24S0 D32S0 Packed-D24S8
19:42:54: FBO PF_R3G3B2 depth/stencil support: D0S0 D0S1 D0S4 D0S8 D0S16 D16S0 D24S0 D32S0 Packed-D24S8
19:42:54: FBO PF_FLOAT16_R depth/stencil support: D0S0 D0S1 D0S4 D0S8 D0S16 D16S0 D24S0 D32S0 Packed-D24S8
19:42:54: FBO PF_FLOAT32_R depth/stencil support: D0S0 D0S1 D0S4 D0S8 D0S16 D16S0 D24S0 D32S0 Packed-D24S8
19:42:54: FBO PF_FLOAT16_GR depth/stencil support: D0S0 D0S1 D0S4 D0S8 D0S16 D16S0 D24S0 D32S0 Packed-D24S8
19:42:54: FBO PF_FLOAT32_GR depth/stencil support: D0S0 D0S1 D0S4 D0S8 D0S16 D16S0 D24S0 D32S0 Packed-D24S8
19:42:54: FBO PF_SHORT_RGB depth/stencil support: D0S0 D0S1 D0S4 D0S8 D0S16 D16S0 D24S0 D32S0 Packed-D24S8
19:42:54: [GL] : Valid FBO targets PF_UNKNOWN PF_L8 PF_A8 PF_BYTE_LA PF_R5G6B5 PF_B5G6R5 PF_A4R4G4B4 PF_A1R5G5B5 PF_R8G8B8 PF_B8G8R8 PF_A8R8G8B8 PF_A8B8G8R8 PF_B8G8R8A8 PF_FLOAT16_RGB PF_FLOAT16_RGBA PF_FLOAT32_RGB PF_FLOAT32_RGBA PF_X8R8G8B8 PF_X8B8G8R8 PF_R8G8B8A8 PF_DEPTH16 PF_SHORT_RGBA PF_R3G3B2 PF_FLOAT16_R PF_FLOAT32_R PF_FLOAT16_GR PF_FLOAT32_GR PF_SHORT_RGB 
19:42:54: RenderSystem capabilities
19:42:54: -------------------------
19:42:54: RenderSystem Name: OpenGL Rendering Subsystem
19:42:54: GPU Vendor: unknown
19:42:54: Device Name: AMD Radeon(TM) Graphics
19:42:54: Driver Version: 4.6.0.0
19:42:54:  * Fixed function pipeline: yes
19:42:54:  * 32-bit index buffers: yes
19:42:54:  * Hardware stencil buffer: yes
19:42:54:    - Two sided stencil support: yes
19:42:54:    - Wrap stencil values: yes
19:42:54:  * Vertex programs: yes
19:42:54:    - Number of constant 4-vectors: 256
19:42:54:  * Fragment programs: yes
19:42:54:    - Number of constant 4-vectors: 256
19:42:54:  * Geometry programs: yes
19:42:54:    - Number of constant 4-vectors: 2000
19:42:54:  * Tessellation Hull programs: no
19:42:54:  * Tessellation Domain programs: no
19:42:54:  * Compute programs: no
19:42:54:  * Supported Shader Profiles: arbfp1 arbvp1 glsl glsl100 glsl110 glsl120
19:42:54:  * Read-back compiled shader: yes
19:42:54:  * Number of vertex attributes: 32
19:42:54:  * Textures
19:42:54:    - Number of texture units: 16
19:42:54:    - Floating point: yes
19:42:54:    - Non-power-of-two: yes
19:42:54:    - 1D textures: yes
19:42:54:    - 2D array textures: yes
19:42:54:    - 3D textures: yes
19:42:54:    - Anisotropic filtering: yes
19:42:54:  * Texture Compression: yes
19:42:54:    - DXT: yes
19:42:54:    - VTC: no
19:42:54:    - PVRTC: no
19:42:54:    - ATC: no
19:42:54:    - ETC1: no
19:42:54:    - ETC2: no
19:42:54:    - BC4/BC5: no
19:42:54:    - BC6H/BC7: no
19:42:54:    - ASTC: no
19:42:54:    - Automatic mipmap generation: yes
19:42:54:  * Vertex Buffers
19:42:54:    - Render to Vertex Buffer: no
19:42:54:    - Instance Data: yes
19:42:54:    - Primitive Restart: no
19:42:54:    - INT_10_10_10_2_NORM element type: no
19:42:54:  * Vertex texture fetch: yes
19:42:54:    - Max vertex textures: 32
19:42:54:  * Read/Write Buffers: no
19:42:54:  * Hardware Occlusion Query: yes
19:42:54:  * User clip planes: yes
19:42:54:  * Depth clamping: no
19:42:54:  * Hardware render-to-texture: yes
19:42:54:    - Multiple Render Targets: 8
19:42:54:  * Point Sprites: yes
19:42:54:    - Extended parameters: yes
19:42:54:    - Max Size: 8192
19:42:54:  * Wide Lines: yes
19:42:54:  * Hardware Gamma: yes
19:42:54:  * PBuffer support: yes
19:42:54:  * Vertex Array Objects: no
19:42:54:  * Separate shader objects: no
19:42:54:    - redeclare GLSL interface block: no
19:42:54:  * Debugging/ profiling events: no
19:42:54:  * Map buffer storage: yes
19:42:54: DefaultWorkQueue('Root') initialising on thread 6856.
19:42:54: DefaultWorkQueue('Root')::WorkerFunc - thread 32460 starting.
19:42:54: DefaultWorkQueue('Root')::WorkerFunc - thread 34044 starting.
19:42:54: Particle Renderer Type 'billboard' registered
19:42:54: Added resource location 'C:\Users\josem\Desktop\Carrera\TERCERO\IA\VeryReal\VeryRealSolucion\bin\resources.cfg\\..\\Assets' of type 'FileSystem' to resource group 'General'
19:42:54: Parsing scripts for resource group General
19:42:54: Finished parsing scripts for resource group General
19:42:54: Creating resources for group General
19:42:54: All done
19:42:54: Parsing scripts for resource group OgreAutodetect
19:42:54: Finished parsing scripts for resource group OgreAutodetect
19:42:54: Creating resources for group OgreAutodetect
19:42:54: All done
19:42:54: Parsing scripts for resource group OgreInternal
19:42:54: Finished parsing scripts for resource group OgreInternal
19:42:54: Creating resources for group OgreInternal
19:42:54: All done
19:42:54: DefaultWorkQueue('Root') shutting down on thread 6856.
19:42:54: DefaultWorkQueue('Root')::WorkerFunc - thread 34044 stopped.
19:42:54: DefaultWorkQueue('Root')::WorkerFunc - thread 32460 stopped.
19:42:54: *-*-* OGRE Shutdown
19:42:54: Unregistering ResourceManager for type Compositor
19:42:54: Unregistering ResourceManager for type Material
19:42:54: Unregistering ResourceManager for type GpuProgram
19:42:54: Unloading library C:/Users/josem/Desktop/Carrera/TERCERO/IA/VeryReal/VeryRealSolucion/bin/.\Codec_STBI
19:42:54: Uninstalling plugin: ParticleFX
19:42:54: Plugin successfully uninstalled
19:42:54: Unloading library C:/Users/josem/Desktop/Carrera/TERCERO/IA/VeryReal/VeryRealSolucion/bin/.\Plugin_ParticleFX
19:42:54: Uninstalling plugin: GL RenderSystem
19:42:54: *** Stopping Win32GL Subsystem ***
19:42:54: Unregistering ResourceManager for type Texture
19:42:54: Plugin successfully uninstalled
19:42:54: Unloading library C:/Users/josem/Desktop/Carrera/TERCERO/IA/VeryReal/VeryRealSolucion/bin/.\RenderSystem_GL
19:42:54: Unregistering ResourceManager for type Skeleton
19:42:54: Unregistering ResourceManager for type Mesh
